openGL_ES_20_SampleApp3D/build/intermediates/manifest_merge_blame_file/release/manifest-merger-blame-release-report.txt
1<?xml version="1.0" encoding="utf-8"?>
2<manifest xmlns:android="http://schemas.android.com/apk/res/android"
3    package="com.eaglesakura.gles20_3d"
4    android:versionCode="1"
5    android:versionName="1.0" >
6
7    <uses-sdk
7-->src\main\AndroidManifest.xml:7:5-9:41
8        android:minSdkVersion="8"
8-->src\main\AndroidManifest.xml:8:9-34
9        android:targetSdkVersion="19" />
9-->src\main\AndroidManifest.xml:9:9-38
10
11    <!-- プロファイラー接続のためにINTERNETパーミッションを付与しておく -->
12    <uses-permission android:name="android.permission.INTERNET" />
12-->src\main\AndroidManifest.xml:12:5-67
12-->src\main\AndroidManifest.xml:12:22-64
13
14    <!-- システムレイヤーの利用権限 -->
15    <uses-permission android:name="android.permission.SYSTEM_ALERT_WINDOW" />
15-->src\main\AndroidManifest.xml:15:5-78
15-->src\main\AndroidManifest.xml:15:22-75
16
17    <application
17-->src\main\AndroidManifest.xml:17:5-57:19
18        android:allowBackup="true"
18-->src\main\AndroidManifest.xml:18:9-35
19        android:icon="@drawable/ic_launcher"
19-->src\main\AndroidManifest.xml:19:9-45
20        android:label="@string/app_name"
20-->src\main\AndroidManifest.xml:20:9-41
21        android:testOnly="true"
22        android:theme="@style/AppTheme" >
22-->src\main\AndroidManifest.xml:21:9-40
23        <activity
23-->src\main\AndroidManifest.xml:22:9-31:20
24            android:name="com.eaglesakura.gles20.MenuActivity"
24-->src\main\AndroidManifest.xml:23:13-63
25            android:background="@android:style/Theme.Light"
25-->src\main\AndroidManifest.xml:24:13-60
26            android:label="@string/app_name" >
26-->src\main\AndroidManifest.xml:25:13-45
27            <intent-filter>
27-->src\main\AndroidManifest.xml:26:13-30:29
28                <action android:name="android.intent.action.MAIN" />
28-->src\main\AndroidManifest.xml:27:17-69
28-->src\main\AndroidManifest.xml:27:25-66
29
30                <category android:name="android.intent.category.LAUNCHER" />
30-->src\main\AndroidManifest.xml:29:17-77
30-->src\main\AndroidManifest.xml:29:27-74
31            </intent-filter>
32        </activity>
33        <activity
33-->src\main\AndroidManifest.xml:32:9-36:20
34            android:name="com.eaglesakura.gles20.RenderingActivity"
34-->src\main\AndroidManifest.xml:33:13-68
35            android:configChanges="orientation|screenSize"
35-->src\main\AndroidManifest.xml:34:13-59
36            android:hardwareAccelerated="true" >
36-->src\main\AndroidManifest.xml:35:13-47
37        </activity>
38
39        <!-- System Layer -->
40        <service android:name="com.eaglesakura.gles20.service.GLViewService" >
40-->src\main\AndroidManifest.xml:39:9-40:19
40-->src\main\AndroidManifest.xml:39:18-77
41        </service>
42
43        <!-- LiveWallpaper -->
44        <service
44-->src\main\AndroidManifest.xml:43:9-56:19
45            android:name="com.eaglesakura.gles20.wallpaper.GLWallpaperService"
45-->src\main\AndroidManifest.xml:44:13-79
46            android:label="@string/app_name"
46-->src\main\AndroidManifest.xml:45:13-45
47            android:permission="android.permission.BIND_WALLPAPER" >
47-->src\main\AndroidManifest.xml:46:13-67
48            <intent-filter>
48-->src\main\AndroidManifest.xml:47:13-50:29
49                <action android:name="android.service.wallpaper.WallpaperService" >
49-->src\main\AndroidManifest.xml:48:17-49:26
49-->src\main\AndroidManifest.xml:48:25-82
50                </action>
51            </intent-filter>
52
53            <meta-data
53-->src\main\AndroidManifest.xml:52:13-55:25
54                android:name="android.service.wallpaper"
54-->src\main\AndroidManifest.xml:53:17-57
55                android:resource="@xml/livewallpaper" >
55-->src\main\AndroidManifest.xml:54:17-54
56            </meta-data>
57        </service>
58    </application>
59
60</manifest>